
â•”â•â•â•â•â•â•â•â•â•â•â•â•â•â•â•â•â•â•â•â•â•â•â•â•â•â•â•â•â•â•â•â•â•â•â•â•â•â•â•â•â•â•â•â•â•â•â•â•â•â•â•â•â•â•â•â•â•â•â•â•â•â•â•â•â•â•â•â•â•â•â•â•â•â•â•â•â•â•â•â•—
â•‘              ğŸš€ PHASE 2: MULTI-INSTRUMENT SCANNER TEST REPORT                â•‘
â• â•â•â•â•â•â•â•â•â•â•â•â•â•â•â•â•â•â•â•â•â•â•â•â•â•â•â•â•â•â•â•â•â•â•â•â•â•â•â•â•â•â•â•â•â•â•â•â•â•â•â•â•â•â•â•â•â•â•â•â•â•â•â•â•â•â•â•â•â•â•â•â•â•â•â•â•â•â•â•â•£
â•‘  ğŸ“… Test Completed: 2025-06-23T22:50:59.317Z              â•‘
â•‘  â±ï¸  Duration: 39.19 seconds                                                â•‘
â•‘  ğŸ“Š Results Summary:                                                          â•‘
â•‘     âœ… Passed:  10 tests                                               â•‘
â•‘     âŒ Failed:  11 tests                                               â•‘
â•‘     ğŸ“ˆ Total:   21 tests                                               â•‘
â•‘     ğŸ¯ Pass Rate: 47.6%                                                   â•‘
â• â•â•â•â•â•â•â•â•â•â•â•â•â•â•â•â•â•â•â•â•â•â•â•â•â•â•â•â•â•â•â•â•â•â•â•â•â•â•â•â•â•â•â•â•â•â•â•â•â•â•â•â•â•â•â•â•â•â•â•â•â•â•â•â•â•â•â•â•â•â•â•â•â•â•â•â•â•â•â•â•£
â•‘  ğŸ’° REAL TRADING RESULTS:                                                    â•‘
â•‘     ğŸ¯ Demo Account: 25201110 @ Tickmill-Demo                        â•‘
â•‘     ğŸ“Š Trades Executed: 0                                          â•‘
â•‘     ğŸ’µ Total P&L: $0.00                                       â•‘
â•‘     ğŸ“ˆ Active Positions: 0                                         â•‘
â• â•â•â•â•â•â•â•â•â•â•â•â•â•â•â•â•â•â•â•â•â•â•â•â•â•â•â•â•â•â•â•â•â•â•â•â•â•â•â•â•â•â•â•â•â•â•â•â•â•â•â•â•â•â•â•â•â•â•â•â•â•â•â•â•â•â•â•â•â•â•â•â•â•â•â•â•â•â•â•â•£
â•‘  ğŸ¯ PHASE 2 FEATURES TESTED:                                                 â•‘
â•‘     âœ… Multi-Instrument Scanner                                              â•‘
â•‘     âœ… Live Pattern Discovery                                                â•‘
â•‘     âœ… Real Trade Execution (Demo)                                           â•‘
â•‘     âœ… Performance Tracking                                                  â•‘
â•‘     âœ… Risk Management                                                       â•‘
â•‘     âœ… Auto-Discovery Engine                                                 â•‘
â•šâ•â•â•â•â•â•â•â•â•â•â•â•â•â•â•â•â•â•â•â•â•â•â•â•â•â•â•â•â•â•â•â•â•â•â•â•â•â•â•â•â•â•â•â•â•â•â•â•â•â•â•â•â•â•â•â•â•â•â•â•â•â•â•â•â•â•â•â•â•â•â•â•â•â•â•â•â•â•â•â•

ğŸ† PHASE 2 STATUS: âŒ REQUIRES MAJOR FIXES

ğŸ’° EXECUTED TRADES DETAILS:


ğŸ“Š DETAILED TEST LOG:
[2025-06-23T22:50:20.126Z] START: ğŸš€ STARTING PHASE 2: MULTI-INSTRUMENT SCANNER COMPREHENSIVE TESTS
[2025-06-23T22:50:20.128Z] INFO: ğŸ“… Test Date: 2025-06-23T22:50:20.128Z
[2025-06-23T22:50:20.128Z] INFO: ğŸ”— Demo Account: 25201110 @ Tickmill-Demo
[2025-06-23T22:50:20.128Z] INFO: ğŸ’° Trade Config: 0.01 lots, 1% risk
[2025-06-23T22:50:20.129Z] TEST: ğŸ” STARTING MULTI-INSTRUMENT SCANNER TESTS
[2025-06-23T22:50:20.226Z] FAIL: âŒ FAIL: Multi-Instrument Scanner Component Frontend component integration test
[2025-06-23T22:50:20.233Z] WARN: âš ï¸ Pattern scanning error for EURUSD: marketResponse.json is not a function
[2025-06-23T22:50:20.233Z] FAIL: âŒ FAIL: Pattern Discovery EURUSD Found 0 patterns
[2025-06-23T22:50:20.237Z] WARN: âš ï¸ Pattern scanning error for GBPUSD: marketResponse.json is not a function
[2025-06-23T22:50:20.237Z] FAIL: âŒ FAIL: Pattern Discovery GBPUSD Found 0 patterns
[2025-06-23T22:50:20.242Z] WARN: âš ï¸ Pattern scanning error for USDJPY: marketResponse.json is not a function
[2025-06-23T22:50:20.242Z] FAIL: âŒ FAIL: Pattern Discovery USDJPY Found 0 patterns
[2025-06-23T22:50:20.246Z] WARN: âš ï¸ Pattern scanning error for AUDUSD: marketResponse.json is not a function
[2025-06-23T22:50:20.246Z] FAIL: âŒ FAIL: Pattern Discovery AUDUSD Found 0 patterns
[2025-06-23T22:50:20.250Z] WARN: âš ï¸ Pattern scanning error for XAUUSD: marketResponse.json is not a function
[2025-06-23T22:50:20.251Z] FAIL: âŒ FAIL: Pattern Discovery XAUUSD Found 0 patterns
[2025-06-23T22:50:20.251Z] FAIL: âŒ FAIL: Multi-Instrument Pattern Coverage Total patterns found: 0 across 5 symbols
[2025-06-23T22:50:20.251Z] TEST: ğŸ’° STARTING REAL TRADE EXECUTION TESTS
[2025-06-23T22:50:20.256Z] PASS: âœ… PASS: Demo Account Verification Account: 25201110, Server: Tickmill-Demo
[2025-06-23T22:50:20.260Z] PASS: âœ… PASS: High-Quality Signal Availability Found 2 signals with score >= 85
[2025-06-23T22:50:20.261Z] TRADE: ğŸš€ Executing Trade 1: EURUSD BUY
[2025-06-23T22:50:20.261Z] INFO: ğŸ“‹ Trade Details: {"symbol":"EURUSD","action":"buy","volume":0.01,"price":1.075,"sl":1.072,"tp":1.085,"comment":"Phase2_Test_BOS+FVG_Score88"}
[2025-06-23T22:50:20.269Z] ERROR: âŒ Trade 1 FAILED: Unknown error
[2025-06-23T22:50:20.269Z] FAIL: âŒ FAIL: Real Trade Execution 1 EURUSD BUY - Error: Unknown error
[2025-06-23T22:50:22.271Z] TRADE: ğŸš€ Executing Trade 2: GBPUSD SELL
[2025-06-23T22:50:22.271Z] INFO: ğŸ“‹ Trade Details: {"symbol":"GBPUSD","action":"sell","volume":0.01,"price":1.271,"sl":1.274,"tp":1.265,"comment":"Phase2_Test_LQD Grab+Displace_Score95"}
[2025-06-23T22:50:22.277Z] ERROR: âŒ Trade 2 FAILED: Unknown error
[2025-06-23T22:50:22.277Z] FAIL: âŒ FAIL: Real Trade Execution 2 GBPUSD SELL - Error: Unknown error
[2025-06-23T22:50:24.281Z] FAIL: âŒ FAIL: Trade Execution Success Successfully executed 0 trades
[2025-06-23T22:50:24.281Z] TEST: ğŸ“Š STARTING PERFORMANCE TRACKING TESTS
[2025-06-23T22:50:24.288Z] PASS: âœ… PASS: Position Data Retrieval Retrieved 62 positions
[2025-06-23T22:50:24.288Z] FAIL: âŒ FAIL: Trade Position Matching Matched 0/0 trades
[2025-06-23T22:50:24.288Z] PASS: âœ… PASS: Performance Tracking Total P&L: $0.00 across 0 positions
[2025-06-23T22:50:24.289Z] TEST: ğŸ›¡ï¸ STARTING RISK MANAGEMENT TESTS
[2025-06-23T22:50:24.292Z] PASS: âœ… PASS: Risk Management Compliance Actual Risk: $0.00, Max Risk: $14943.11
[2025-06-23T22:50:24.293Z] PASS: âœ… PASS: Position Sizing Consistency All trades using 0.01 lot size
[2025-06-23T22:50:24.293Z] PASS: âœ… PASS: Maximum Trades Limit Executed 0/3 max trades
[2025-06-23T22:50:24.293Z] TEST: ğŸ”„ STARTING AUTO-DISCOVERY ENGINE TESTS
[2025-06-23T22:50:24.297Z] INFO: â±ï¸ Waiting 35 seconds for auto-discovery refresh...
[2025-06-23T22:50:59.316Z] PASS: âœ… PASS: Auto-Discovery Pattern Generation Found 2 patterns after refresh
[2025-06-23T22:50:59.316Z] PASS: âœ… PASS: Auto-Discovery Quality Consistency 2 high-quality patterns (score >= 80)
[2025-06-23T22:50:59.316Z] PASS: âœ… PASS: Auto-Discovery Timeframe Coverage Patterns found across 2 timeframes: H1, M15

ğŸš€ NEXT PHASE RECOMMENDATIONS:
âš ï¸ Fix failing tests and optimize trade execution before Phase 3
        